{"name": "test_02_search_00001", "status": "failed", "statusDetails": {"message": "AssertionError: False is not true", "trace": "self = <test_case.test_cases.TestCase testMethod=test_02_search_00001>\nkwargs = {'search_content': '手机', 'validata': {'expect': '手机', 'type': 'xpath', 'value': '/html/body/div[4]/div/ul/li/div/a/p'}}\n\n    @file_data(\"../config/search.yaml\")\n    def test_02_search(self, **kwargs):\n        self.sp.search_shop(kwargs[\"search_content\"])\n>       self.assertTrue(self.sp.assert_text(kwargs[\"validata\"][\"type\"], kwargs[\"validata\"][\"value\"], kwargs[\"validata\"][\"expect\"]))\nE       AssertionError: False is not true\n\n..\\test_case\\test_cases.py:57: AssertionError"}, "description": "test_02_search_00001", "attachments": [{"name": "log", "source": "a0af7905-7278-4969-af23-7829bfc4b598-attachment.txt", "type": "text/plain"}], "start": 1595526127277, "stop": 1595526146624, "uuid": "bfe9f045-2a89-4fca-821a-7a120a6ef057", "historyId": "4826ea3287352cfe63fed541decc06f8", "testCaseId": "0c11e43dfb41a60a5c88248d5688763e", "fullName": "test_case.test_cases.TestCase#test_02_search_00001", "labels": [{"name": "parentSuite", "value": "test_case"}, {"name": "suite", "value": "test_cases"}, {"name": "subSuite", "value": "TestCase"}, {"name": "host", "value": "LAPTOP-JHEF7VRV"}, {"name": "thread", "value": "2292-MainThread"}, {"name": "framework", "value": "pytest"}, {"name": "language", "value": "cpython3"}, {"name": "package", "value": "test_case.test_cases"}]}