{
  "uid" : "ebc75f3cbb7d9f03",
  "name" : "test_02_search_00001",
  "fullName" : "test_case.test_cases.TestCase#test_02_search_00001",
  "historyId" : "4826ea3287352cfe63fed541decc06f8",
  "time" : {
    "start" : 1595525950368,
    "stop" : 1595525970117,
    "duration" : 19749
  },
  "description" : "test_02_search_00001",
  "descriptionHtml" : "<p>test_02_search_00001</p>\n",
  "status" : "failed",
  "statusMessage" : "AssertionError: False is not true",
  "statusTrace" : "self = <test_case.test_cases.TestCase testMethod=test_02_search_00001>\nkwargs = {'search_content': '手机', 'validata': {'expect': ['手机'], 'type': 'xpath', 'value': '/html/body/div[4]/div/ul/li/div/a/p'}}\n\n    @file_data(\"../config/search.yaml\")\n    def test_02_search(self, **kwargs):\n        self.sp.search_shop(kwargs[\"search_content\"])\n>       self.assertTrue(self.sp.assert_text(kwargs[\"validata\"][\"type\"], kwargs[\"validata\"][\"value\"], kwargs[\"validata\"][\"expect\"]))\nE       AssertionError: False is not true\n\n..\\test_case\\test_cases.py:57: AssertionError",
  "flaky" : false,
  "newFailed" : false,
  "beforeStages" : [ {
    "name" : "_UnitTestCase__pytest_class_setup",
    "time" : {
      "start" : 1595525950367,
      "stop" : 1595525950367,
      "duration" : 0
    },
    "status" : "passed",
    "steps" : [ ],
    "attachments" : [ ],
    "parameters" : [ ],
    "attachmentsCount" : 0,
    "shouldDisplayMessage" : false,
    "stepsCount" : 0,
    "hasContent" : false
  } ],
  "testStage" : {
    "description" : "test_02_search_00001",
    "status" : "failed",
    "statusMessage" : "AssertionError: False is not true",
    "statusTrace" : "self = <test_case.test_cases.TestCase testMethod=test_02_search_00001>\nkwargs = {'search_content': '手机', 'validata': {'expect': ['手机'], 'type': 'xpath', 'value': '/html/body/div[4]/div/ul/li/div/a/p'}}\n\n    @file_data(\"../config/search.yaml\")\n    def test_02_search(self, **kwargs):\n        self.sp.search_shop(kwargs[\"search_content\"])\n>       self.assertTrue(self.sp.assert_text(kwargs[\"validata\"][\"type\"], kwargs[\"validata\"][\"value\"], kwargs[\"validata\"][\"expect\"]))\nE       AssertionError: False is not true\n\n..\\test_case\\test_cases.py:57: AssertionError",
    "steps" : [ ],
    "attachments" : [ {
      "uid" : "da4a0bb13f7b161f",
      "name" : "log",
      "source" : "da4a0bb13f7b161f.txt",
      "type" : "text/plain",
      "size" : 184
    } ],
    "parameters" : [ ],
    "attachmentsCount" : 1,
    "shouldDisplayMessage" : true,
    "stepsCount" : 0,
    "hasContent" : true
  },
  "afterStages" : [ {
    "name" : "_UnitTestCase__pytest_class_setup::0",
    "time" : {
      "start" : 1595525970175,
      "stop" : 1595525971076,
      "duration" : 901
    },
    "status" : "passed",
    "steps" : [ ],
    "attachments" : [ ],
    "parameters" : [ ],
    "attachmentsCount" : 0,
    "shouldDisplayMessage" : false,
    "stepsCount" : 0,
    "hasContent" : false
  } ],
  "labels" : [ {
    "name" : "parentSuite",
    "value" : "test_case"
  }, {
    "name" : "suite",
    "value" : "test_cases"
  }, {
    "name" : "subSuite",
    "value" : "TestCase"
  }, {
    "name" : "host",
    "value" : "LAPTOP-JHEF7VRV"
  }, {
    "name" : "thread",
    "value" : "17572-MainThread"
  }, {
    "name" : "framework",
    "value" : "pytest"
  }, {
    "name" : "language",
    "value" : "cpython3"
  }, {
    "name" : "package",
    "value" : "test_case.test_cases"
  }, {
    "name" : "resultFormat",
    "value" : "allure2"
  } ],
  "parameters" : [ ],
  "links" : [ ],
  "hidden" : true,
  "retry" : true,
  "extra" : {
    "categories" : [ ],
    "tags" : [ ]
  },
  "source" : "ebc75f3cbb7d9f03.json",
  "parameterValues" : [ ]
}